\BOOKMARK [1][-]{section.1}{\376\377\000I\000n\000t\000r\000o\000d\000u\000c\000t\000i\000o\000n}{}% 1
\BOOKMARK [1][-]{section.2}{\376\377\000L\000i\000t\000e\000r\000a\000t\000u\000r\000e\000\040\000R\000e\000v\000i\000e\000w}{}% 2
\BOOKMARK [2][-]{subsection.2.1}{\376\377\000S\000u\000p\000e\000r\000v\000i\000s\000e\000d\000\040\000D\000e\000e\000p\000\040\000L\000e\000a\000r\000n\000i\000n\000g\000\040\000a\000n\000d\000\040\000O\000b\000j\000e\000c\000t\000\040\000D\000e\000t\000e\000c\000t\000i\000o\000n\000\040\000i\000n\000\040\000F\000a\000b\000r\000i\000c\000\040\000I\000n\000s\000p\000e\000c\000t\000i\000o\000n}{section.2}% 3
\BOOKMARK [3][-]{subsubsection.2.1.1}{\376\377\000F\000o\000u\000n\000d\000a\000t\000i\000o\000n\000a\000l\000\040\000S\000u\000p\000e\000r\000v\000i\000s\000e\000d\000\040\000F\000r\000a\000m\000e\000w\000o\000r\000k\000s}{subsection.2.1}% 4
\BOOKMARK [3][-]{subsubsection.2.1.2}{\376\377\000O\000p\000t\000i\000m\000i\000z\000a\000t\000i\000o\000n\000s\000\040\000a\000n\000d\000\040\000L\000i\000g\000h\000t\000w\000e\000i\000g\000h\000t\000\040\000A\000r\000c\000h\000i\000t\000e\000c\000t\000u\000r\000e\000s}{subsection.2.1}% 5
\BOOKMARK [2][-]{subsection.2.2}{\376\377\000U\000n\000s\000u\000p\000e\000r\000v\000i\000s\000e\000d\000\040\000A\000n\000o\000m\000a\000l\000y\000\040\000D\000e\000t\000e\000c\000t\000i\000o\000n\000\040\000a\000n\000d\000\040\000P\000a\000t\000c\000h\000C\000o\000r\000e\000\040\000V\000a\000r\000i\000a\000t\000i\000o\000n\000s}{section.2}% 6
\BOOKMARK [3][-]{subsubsection.2.2.1}{\376\377\000I\000n\000-\000D\000e\000p\000t\000h\000\040\000A\000n\000a\000l\000y\000s\000i\000s\000:\000\040\000S\000A\000-\000P\000a\000t\000c\000h\000C\000o\000r\000e}{subsection.2.2}% 7
\BOOKMARK [3][-]{subsubsection.2.2.2}{\376\377\000F\000u\000r\000t\000h\000e\000r\000\040\000P\000a\000t\000c\000h\000C\000o\000r\000e\000\040\000A\000d\000v\000a\000n\000c\000e\000m\000e\000n\000t\000s}{subsection.2.2}% 8
\BOOKMARK [2][-]{subsection.2.3}{\376\377\000A\000p\000p\000l\000i\000c\000a\000t\000i\000o\000n\000\040\000o\000f\000\040\000A\000n\000o\000m\000a\000l\000y\000\040\000D\000e\000t\000e\000c\000t\000i\000o\000n\000\040\000i\000n\000\040\000B\000r\000o\000a\000d\000e\000r\000\040\000I\000n\000d\000u\000s\000t\000r\000i\000a\000l\000\040\000S\000y\000s\000t\000e\000m\000s}{section.2}% 9
\BOOKMARK [1][-]{section.3}{\376\377\000P\000r\000o\000p\000o\000s\000e\000d\000\040\000S\000y\000s\000t\000e\000m\000\040\000M\000e\000t\000h\000o\000d\000o\000l\000o\000g\000y}{}% 10
\BOOKMARK [2][-]{subsection.3.1}{\376\377\000F\000r\000o\000n\000t\000e\000n\000d}{section.3}% 11
\BOOKMARK [2][-]{subsection.3.2}{\376\377\000C\000o\000n\000v\000e\000y\000o\000r\000\040\000B\000e\000l\000t\000\040\000S\000t\000a\000t\000e\000\040\000M\000a\000c\000h\000i\000n\000e}{section.3}% 12
\BOOKMARK [3][-]{subsubsection.3.2.1}{\376\377\000D\000u\000a\000l\000-\000S\000i\000g\000n\000a\000l\000\040\000F\000u\000s\000i\000o\000n}{subsection.3.2}% 13
\BOOKMARK [3][-]{subsubsection.3.2.2}{\376\377\000T\000e\000m\000p\000o\000r\000a\000l\000\040\000S\000t\000a\000t\000e\000\040\000T\000r\000a\000n\000s\000i\000t\000i\000o\000n\000s}{subsection.3.2}% 14
\BOOKMARK [2][-]{subsection.3.3}{\376\377\000D\000u\000a\000l\000\040\000P\000r\000e\000p\000r\000o\000c\000e\000s\000s\000i\000n\000g\000\040\000P\000i\000p\000e\000l\000i\000n\000e}{section.3}% 15
\BOOKMARK [2][-]{subsection.3.4}{\376\377\000D\000y\000n\000a\000m\000i\000c\000\040\000P\000a\000t\000c\000h\000C\000o\000r\000e\000\040\000A\000n\000o\000m\000a\000l\000y\000\040\000D\000e\000t\000e\000c\000t\000i\000o\000n}{section.3}% 16
\BOOKMARK [3][-]{subsubsection.3.4.1}{\376\377\000A\000n\000o\000m\000a\000l\000y\000\040\000S\000c\000o\000r\000e\000\040\000C\000o\000m\000p\000u\000t\000a\000t\000i\000o\000n}{subsection.3.4}% 17
\BOOKMARK [3][-]{subsubsection.3.4.2}{\376\377\000S\000e\000l\000e\000c\000t\000i\000v\000e\000\040\000M\000e\000m\000o\000r\000y\000\040\000B\000a\000n\000k\000\040\000U\000p\000d\000a\000t\000e\000\040\000P\000o\000l\000i\000c\000y}{subsection.3.4}% 18
\BOOKMARK [3][-]{subsubsection.3.4.3}{\376\377\000A\000d\000a\000p\000t\000i\000v\000e\000\040\000T\000h\000r\000e\000s\000h\000o\000l\000d\000i\000n\000g}{subsection.3.4}% 19
\BOOKMARK [3][-]{subsubsection.3.4.4}{\376\377\000M\000o\000t\000i\000o\000n\000-\000A\000w\000a\000r\000e\000\040\000T\000h\000r\000e\000s\000h\000o\000l\000d\000\040\000M\000o\000d\000u\000l\000a\000t\000i\000o\000n}{subsection.3.4}% 20
\BOOKMARK [3][-]{subsubsection.3.4.5}{\376\377\000S\000p\000a\000t\000i\000a\000l\000\040\000H\000e\000a\000t\000m\000a\000p\000\040\000a\000n\000d\000\040\000B\000o\000u\000n\000d\000i\000n\000g\000\040\000B\000o\000x}{subsection.3.4}% 21
\BOOKMARK [2][-]{subsection.3.5}{\376\377\000C\000l\000a\000s\000s\000i\000c\000a\000l\000\040\000C\000o\000m\000p\000u\000t\000e\000r\000\040\000V\000i\000s\000i\000o\000n\000\040\000D\000e\000t\000e\000c\000t\000o\000r\000s}{section.3}% 22
\BOOKMARK [3][-]{subsubsection.3.5.1}{\376\377\000S\000t\000r\000u\000c\000t\000u\000r\000a\000l\000\040\000D\000e\000f\000e\000c\000t\000\040\000D\000e\000t\000e\000c\000t\000i\000o\000n}{subsection.3.5}% 23
\BOOKMARK [3][-]{subsubsection.3.5.2}{\376\377\000C\000o\000l\000o\000r\000\040\000A\000n\000o\000m\000a\000l\000y\000\040\000D\000e\000t\000e\000c\000t\000i\000o\000n}{subsection.3.5}% 24
\BOOKMARK [3][-]{subsubsection.3.5.3}{\376\377\000P\000a\000t\000t\000e\000r\000n\000\040\000A\000n\000o\000m\000a\000l\000y\000\040\000D\000e\000t\000e\000c\000t\000i\000o\000n\000\040\000\050\000S\000S\000I\000M\000-\000b\000a\000s\000e\000d\000\051}{subsection.3.5}% 25
\BOOKMARK [2][-]{subsection.3.6}{\376\377\000H\000e\000u\000r\000i\000s\000t\000i\000c\000\040\000D\000e\000f\000e\000c\000t\000\040\000C\000l\000a\000s\000s\000i\000f\000i\000c\000a\000t\000i\000o\000n}{section.3}% 26
\BOOKMARK [3][-]{subsubsection.3.6.1}{\376\377\000S\000t\000a\000i\000n}{subsection.3.6}% 27
\BOOKMARK [3][-]{subsubsection.3.6.2}{\376\377\000E\000m\000b\000r\000o\000i\000d\000e\000r\000y\000\040\000\050\000S\000u\000p\000p\000r\000e\000s\000s\000e\000d\000\051}{subsection.3.6}% 28
\BOOKMARK [3][-]{subsubsection.3.6.3}{\376\377\000B\000r\000o\000k\000e\000n\000\040\000T\000h\000r\000e\000a\000d}{subsection.3.6}% 29
\BOOKMARK [3][-]{subsubsection.3.6.4}{\376\377\000W\000r\000i\000n\000k\000l\000e\000\040\000\050\000S\000u\000p\000p\000r\000e\000s\000s\000e\000d\000\051}{subsection.3.6}% 30
\BOOKMARK [3][-]{subsubsection.3.6.5}{\376\377\000L\000o\000o\000s\000e\000\040\000W\000e\000a\000v\000e}{subsection.3.6}% 31
\BOOKMARK [2][-]{subsection.3.7}{\376\377\000T\000e\000m\000p\000o\000r\000a\000l\000\040\000S\000e\000q\000u\000e\000n\000c\000e\000\040\000M\000o\000d\000e\000l\000\040\000\050\000L\000S\000T\000M\000\051}{section.3}% 32
\BOOKMARK [3][-]{subsubsection.3.7.1}{\376\377\000A\000r\000c\000h\000i\000t\000e\000c\000t\000u\000r\000e}{subsection.3.7}% 33
\BOOKMARK [3][-]{subsubsection.3.7.2}{\376\377\000C\000o\000n\000t\000i\000n\000u\000o\000u\000s\000\040\000A\000d\000a\000p\000t\000a\000t\000i\000o\000n}{subsection.3.7}% 34
\BOOKMARK [3][-]{subsubsection.3.7.3}{\376\377\000T\000e\000m\000p\000o\000r\000a\000l\000\040\000A\000n\000o\000m\000a\000l\000y\000\040\000S\000c\000o\000r\000i\000n\000g}{subsection.3.7}% 35
\BOOKMARK [3][-]{subsubsection.3.7.4}{\376\377\000D\000e\000b\000o\000u\000n\000c\000i\000n\000g\000\040\000v\000i\000a\000\040\000C\000o\000n\000s\000e\000c\000u\000t\000i\000v\000e\000\040\000F\000r\000a\000m\000e\000s}{subsection.3.7}% 36
\BOOKMARK [1][-]{section.4}{\376\377\000I\000m\000p\000l\000e\000m\000e\000n\000t\000a\000t\000i\000o\000n\000\040\000D\000e\000t\000a\000i\000l\000s}{}% 37
\BOOKMARK [2][-]{subsection.4.1}{\376\377\000T\000e\000c\000h\000n\000o\000l\000o\000g\000y\000\040\000S\000t\000a\000c\000k}{section.4}% 38
\BOOKMARK [2][-]{subsection.4.2}{\376\377\000S\000o\000f\000t\000w\000a\000r\000e\000\040\000A\000r\000c\000h\000i\000t\000e\000c\000t\000u\000r\000e}{section.4}% 39
\BOOKMARK [2][-]{subsection.4.3}{\376\377\000D\000e\000p\000l\000o\000y\000m\000e\000n\000t\000\040\000A\000r\000c\000h\000i\000t\000e\000c\000t\000u\000r\000e}{section.4}% 40
\BOOKMARK [2][-]{subsection.4.4}{\376\377\000W\000e\000b\000S\000o\000c\000k\000e\000t\000\040\000S\000t\000r\000e\000a\000m\000i\000n\000g\000\040\000A\000r\000c\000h\000i\000t\000e\000c\000t\000u\000r\000e}{section.4}% 41
\BOOKMARK [2][-]{subsection.4.5}{\376\377\000P\000l\000a\000t\000f\000o\000r\000m\000-\000A\000w\000a\000r\000e\000\040\000C\000a\000m\000e\000r\000a\000\040\000A\000u\000t\000o\000-\000D\000e\000t\000e\000c\000t\000i\000o\000n}{section.4}% 42
\BOOKMARK [2][-]{subsection.4.6}{\376\377\000D\000a\000t\000a\000b\000a\000s\000e\000\040\000L\000o\000g\000g\000i\000n\000g\000\040\000a\000n\000d\000\040\000S\000e\000s\000s\000i\000o\000n\000\040\000T\000r\000a\000c\000k\000i\000n\000g}{section.4}% 43
\BOOKMARK [1][-]{section.5}{\376\377\000E\000x\000p\000e\000r\000i\000m\000e\000n\000t\000a\000l\000\040\000E\000v\000a\000l\000u\000a\000t\000i\000o\000n}{}% 44
\BOOKMARK [2][-]{subsection.5.1}{\376\377\000D\000a\000t\000a\000s\000e\000t}{section.5}% 45
\BOOKMARK [2][-]{subsection.5.2}{\376\377\000E\000v\000a\000l\000u\000a\000t\000i\000o\000n\000\040\000M\000e\000t\000h\000o\000d\000o\000l\000o\000g\000y}{section.5}% 46
\BOOKMARK [2][-]{subsection.5.3}{\376\377\000Q\000u\000a\000n\000t\000i\000t\000a\000t\000i\000v\000e\000\040\000R\000e\000s\000u\000l\000t\000s}{section.5}% 47
\BOOKMARK [2][-]{subsection.5.4}{\376\377\000A\000b\000l\000a\000t\000i\000o\000n\000\040\000S\000t\000u\000d\000y}{section.5}% 48
\BOOKMARK [2][-]{subsection.5.5}{\376\377\000A\000d\000a\000p\000t\000i\000v\000e\000\040\000T\000h\000r\000e\000s\000h\000o\000l\000d\000\040\000A\000n\000a\000l\000y\000s\000i\000s}{section.5}% 49
\BOOKMARK [2][-]{subsection.5.6}{\376\377\000N\000o\000n\000-\000D\000e\000f\000e\000c\000t\000\040\000S\000u\000p\000p\000r\000e\000s\000s\000i\000o\000n}{section.5}% 50
\BOOKMARK [2][-]{subsection.5.7}{\376\377\000R\000O\000C\000/\000A\000U\000C\000\040\000A\000n\000a\000l\000y\000s\000i\000s}{section.5}% 51
\BOOKMARK [2][-]{subsection.5.8}{\376\377\000L\000a\000t\000e\000n\000c\000y\000\040\000a\000n\000d\000\040\000C\000o\000m\000p\000u\000t\000a\000t\000i\000o\000n\000a\000l\000\040\000C\000o\000m\000p\000l\000e\000x\000i\000t\000y}{section.5}% 52
\BOOKMARK [1][-]{section.6}{\376\377\000A\000d\000d\000i\000t\000i\000o\000n\000a\000l\000\040\000F\000e\000a\000t\000u\000r\000e\000s}{}% 53
\BOOKMARK [2][-]{subsection.6.1}{\376\377\000W\000h\000a\000t\000s\000A\000p\000p\000\040\000R\000e\000a\000l\000-\000T\000i\000m\000e\000\040\000A\000l\000e\000r\000t\000s}{section.6}% 54
\BOOKMARK [2][-]{subsection.6.2}{\376\377\000D\000e\000s\000i\000g\000n\000\040\000S\000u\000g\000g\000e\000s\000t\000i\000o\000n\000\040\000E\000n\000g\000i\000n\000e}{section.6}% 55
\BOOKMARK [2][-]{subsection.6.3}{\376\377\000P\000D\000F\000\040\000I\000n\000s\000p\000e\000c\000t\000i\000o\000n\000\040\000R\000e\000p\000o\000r\000t\000s}{section.6}% 56
\BOOKMARK [1][-]{section.7}{\376\377\000D\000i\000s\000c\000u\000s\000s\000i\000o\000n}{}% 57
\BOOKMARK [2][-]{subsection.7.1}{\376\377\000S\000t\000r\000e\000n\000g\000t\000h\000s}{section.7}% 58
\BOOKMARK [2][-]{subsection.7.2}{\376\377\000F\000u\000t\000u\000r\000e\000\040\000W\000o\000r\000k}{section.7}% 59
\BOOKMARK [1][-]{section.8}{\376\377\000C\000o\000n\000c\000l\000u\000s\000i\000o\000n}{}% 60
\BOOKMARK [1][-]{section*.2}{\376\377\000R\000E\000F\000E\000R\000E\000N\000C\000E\000S}{}% 61
